<?xml version="1.0" encoding="UTF-8"?>
<testng-results total="3" passed="3" failed="0" skipped="0">
  <reporter-output>
  </reporter-output>
  <suite started-at="2019-01-20T17:29:17Z" name="My test suite" finished-at="2019-01-20T17:30:21Z" duration-ms="63793">
    <groups>
    </groups>
    <test started-at="2019-01-20T17:29:17Z" name="testing" finished-at="2019-01-20T17:30:21Z" duration-ms="63793">
      <class name="com.adap.googletest.TestGooglePage">
        <test-method is-config="true" signature="setUp()[pri:0, instance:com.adap.googletest.TestGooglePage@7817fd62]" started-at="2019-01-20T17:29:17Z" name="setUp" finished-at="2019-01-20T17:29:22Z" duration-ms="4362" status="PASS">
          <reporter-output>
          </reporter-output>
        </test-method> <!-- setUp -->
        <test-method signature="testGooglePageTitle()[pri:0, instance:com.adap.googletest.TestGooglePage@7817fd62]" started-at="2019-01-20T17:29:22Z" name="testGooglePageTitle" finished-at="2019-01-20T17:29:22Z" duration-ms="17" status="PASS">
          <reporter-output>
          </reporter-output>
        </test-method> <!-- testGooglePageTitle -->
        <test-method signature="validateSearchResult()[pri:0, instance:com.adap.googletest.TestGooglePage@7817fd62]" started-at="2019-01-20T17:29:22Z" name="validateSearchResult" finished-at="2019-01-20T17:29:26Z" duration-ms="3772" status="PASS">
          <reporter-output>
          </reporter-output>
        </test-method> <!-- validateSearchResult -->
        <test-method signature="validateUrl()[pri:0, instance:com.adap.googletest.TestGooglePage@7817fd62]" started-at="2019-01-20T17:29:26Z" name="validateUrl" finished-at="2019-01-20T17:30:21Z" duration-ms="55425" status="PASS">
          <reporter-output>
          </reporter-output>
        </test-method> <!-- validateUrl -->
        <test-method is-config="true" signature="tearDown()[pri:0, instance:com.adap.googletest.TestGooglePage@7817fd62]" started-at="2019-01-20T17:30:21Z" name="tearDown" finished-at="2019-01-20T17:30:21Z" duration-ms="194" status="PASS">
          <reporter-output>
          </reporter-output>
        </test-method> <!-- tearDown -->
      </class> <!-- com.adap.googletest.TestGooglePage -->
    </test> <!-- testing -->
  </suite> <!-- My test suite -->
</testng-results>
